Build started 28.12.2020 0:57:18.
     1>Project "C:\Users\sirkr\OneDrive\Документы\Visual Studio 2013\Projects\OurProject\OurProject\OurProject.vcxproj" on node 2 (Build target(s)).
     1>ClCompile:
         C:\Program Files (x86)\Microsoft Visual Studio 12.0\VC\bin\CL.exe /c /ZI /nologo /W3 /WX- /sdl /Od /Oy- /D WIN32 /D _DEBUG /D _CONSOLE /D _LIB /D _UNICODE /D UNICODE /Gm /EHsc /RTC1 /MDd /GS /fp:precise /Zc:wchar_t /Zc:forScope /Fo"Debug\\" /Fd"Debug\vc120.pdb" /Gd /TP /analyze- /errorReport:prompt GlobalMethods.cpp MethodsDriverInputScreen.cpp MethodsDriverList.cpp MethodsInterfaceMenu.cpp
         MethodsInterfaceMenu.cpp
         MethodsDriverList.cpp
         MethodsDriverInputScreen.cpp
         GlobalMethods.cpp
         Generating Code...
     1>c:\users\sirkr\onedrive\документы\visual studio 2013\projects\ourproject\ourproject\globalmethods.cpp(71): warning C4715: 'CheckLong' : not all control paths return a value
     1>c:\users\sirkr\onedrive\документы\visual studio 2013\projects\ourproject\ourproject\globalmethods.cpp(62): warning C4715: 'CheckInt' : not all control paths return a value
       Link:
         C:\Program Files (x86)\Microsoft Visual Studio 12.0\VC\bin\link.exe /ERRORREPORT:PROMPT /OUT:"C:\Users\sirkr\OneDrive\Документы\Visual Studio 2013\Projects\OurProject\Debug\OurProject.exe" /INCREMENTAL /NOLOGO kernel32.lib user32.lib gdi32.lib winspool.lib comdlg32.lib advapi32.lib shell32.lib ole32.lib oleaut32.lib uuid.lib odbc32.lib odbccp32.lib /MANIFEST /MANIFESTUAC:"level='asInvoker' uiAccess='false'" /manifest:embed /DEBUG /PDB:"C:\Users\sirkr\OneDrive\Документы\Visual Studio 2013\Projects\OurProject\Debug\OurProject.pdb" /SUBSYSTEM:CONSOLE /TLBID:1 /DYNAMICBASE /NXCOMPAT /IMPLIB:"C:\Users\sirkr\OneDrive\Документы\Visual Studio 2013\Projects\OurProject\Debug\OurProject.lib" /MACHINE:X86 Debug\GlobalMethods.obj
         Debug\MethodsDriver.obj
         Debug\MethodsDriverInputScreen.obj
         Debug\MethodsDriverList.obj
         Debug\MethodsInterfaceMenu.obj
         Debug\OurProject.obj
         Debug\stdafx.obj
         OurProject.vcxproj -> C:\Users\sirkr\OneDrive\Документы\Visual Studio 2013\Projects\OurProject\Debug\OurProject.exe
     1>Done Building Project "C:\Users\sirkr\OneDrive\Документы\Visual Studio 2013\Projects\OurProject\OurProject\OurProject.vcxproj" (Build target(s)).

Build succeeded.

Time Elapsed 00:00:03.53
